[TRACE] Lexed 1133 tokens
[TRACE] Starting parser...
[TRACE] Parsed AST with kind=41
[TRACE] cli_args kind=2 (VAL_LIST=2)
[TRACE] Starting interpreter...
[TRACE] VAR lookup: TK_KW -> kind=2
[TRACE] VAR lookup: TK_KW -> kind=2
[TRACE] VAR lookup: TK_KW -> kind=2
[TRACE] VAR lookup: TK_KW -> kind=2
[TRACE] VAR lookup: TK_KW -> kind=2
[TRACE] VAR lookup: TK_KW -> kind=2
[TRACE] VAR lookup: TK_KW -> kind=2
[TRACE] VAR lookup: TK_KW -> kind=2
[TRACE] VAR lookup: TK_KW -> kind=2
[TRACE] VAR lookup: TK_KW -> kind=2
[TRACE] VAR lookup: TK_KW -> kind=2
[TRACE] VAR lookup: TK_KW -> kind=2
[TRACE] VAR lookup: TK_KW -> kind=2
[TRACE] VAR lookup: TK_KW -> kind=2
[TRACE] VAR lookup: TK_KW -> kind=2
[TRACE] VAR lookup: TK_KW -> kind=2
[TRACE] VAR lookup: TK_KW -> kind=2
[TRACE] VAR lookup: TK_KW -> kind=2
[TRACE] VAR lookup: TK_KW -> kind=2
[TRACE] VAR lookup: TK_KW -> kind=2
[TRACE] VAR lookup: TK_KW -> kind=2
[TRACE] VAR lookup: TK_KW -> kind=2
[TRACE] VAR lookup: TK_KW -> kind=2
[TRACE] VAR lookup: TK_KW -> kind=2
[TRACE] VAR lookup: TK_KW -> kind=2
[TRACE] VAR lookup: TK_KW -> kind=2
[TRACE] VAR lookup: TK_KW -> kind=2
[TRACE] VAR lookup: TK_KW -> kind=2
[TRACE] VAR lookup: TK_KW -> kind=2
[TRACE] VAR lookup: TK_KW -> kind=2
[TRACE] VAR lookup: TK_KW -> kind=2
[TRACE] VAR lookup: TK_KW -> kind=2
[TRACE] VAR lookup: TK_KW -> kind=2
[TRACE] VAR lookup: TK_KW -> kind=2
[TRACE] VAR lookup: TK_KW -> kind=2
[TRACE] VAR lookup: TK_KW -> kind=2
[TRACE] VAR lookup: TK_KW -> kind=2
[TRACE] VAR lookup: TK_KW -> kind=2
[TRACE] VAR lookup: TK_KW -> kind=2
[TRACE] VAR lookup: TK_KW -> kind=2
[TRACE] VAR lookup: TK_KW -> kind=2
[TRACE] VAR lookup: KW_KIND -> kind=2
[TRACE] VAR lookup: TOK_IF -> kind=0
[TRACE] VAR lookup: KW_KIND -> kind=2
[TRACE] VAR lookup: TOK_ELSE -> kind=0
[TRACE] VAR lookup: KW_KIND -> kind=2
[TRACE] VAR lookup: TOK_WHILE -> kind=0
[TRACE] VAR lookup: KW_KIND -> kind=2
[TRACE] VAR lookup: TOK_BREAK -> kind=0
[TRACE] VAR lookup: KW_KIND -> kind=2
[TRACE] VAR lookup: TOK_DO -> kind=0
[TRACE] VAR lookup: KW_KIND -> kind=2
[TRACE] VAR lookup: TOK_ASK -> kind=0
[TRACE] VAR lookup: KW_KIND -> kind=2
[TRACE] VAR lookup: TOK_LIST -> kind=0
[TRACE] VAR lookup: KW_KIND -> kind=2
[TRACE] VAR lookup: TOK_DICT -> kind=0
[TRACE] VAR lookup: KW_KIND -> kind=2
[TRACE] VAR lookup: TOK_KEY -> kind=0
[TRACE] VAR lookup: KW_KIND -> kind=2
[TRACE] VAR lookup: TOK_KEYS -> kind=0
[TRACE] VAR lookup: KW_KIND -> kind=2
[TRACE] VAR lookup: TOK_AT -> kind=0
[TRACE] VAR lookup: KW_KIND -> kind=2
[TRACE] VAR lookup: TOK_SET -> kind=0
[TRACE] VAR lookup: KW_KIND -> kind=2
[TRACE] VAR lookup: TOK_PUT -> kind=0
[TRACE] VAR lookup: KW_KIND -> kind=2
[TRACE] VAR lookup: TOK_ARG -> kind=0
[TRACE] VAR lookup: KW_KIND -> kind=2
[TRACE] VAR lookup: TOK_PASTE -> kind=0
[TRACE] VAR lookup: KW_KIND -> kind=2
[TRACE] VAR lookup: TOK_LEN -> kind=0
[TRACE] VAR lookup: KW_KIND -> kind=2
[TRACE] VAR lookup: TOK_ORD -> kind=0
[TRACE] VAR lookup: KW_KIND -> kind=2
[TRACE] VAR lookup: TOK_CHR -> kind=0
[TRACE] VAR lookup: KW_KIND -> kind=2
[TRACE] VAR lookup: TOK_TONUM -> kind=0
[TRACE] VAR lookup: KW_KIND -> kind=2
[TRACE] VAR lookup: TOK_TOSTR -> kind=0
[TRACE] VAR lookup: KW_KIND -> kind=2
[TRACE] VAR lookup: TOK_SLICE -> kind=0
[TRACE] VAR lookup: KW_KIND -> kind=2
[TRACE] VAR lookup: TOK_TYPE -> kind=0
[TRACE] VAR lookup: KW_KIND -> kind=2
[TRACE] VAR lookup: TOK_TIME -> kind=0
[TRACE] VAR lookup: KW_KIND -> kind=2
[TRACE] VAR lookup: TOK_APPEND -> kind=0
[TRACE] VAR lookup: KW_KIND -> kind=2
[TRACE] VAR lookup: TOK_SYS -> kind=0
[TRACE] VAR lookup: KW_KIND -> kind=2
[TRACE] VAR lookup: TOK_ENV -> kind=0
[TRACE] VAR lookup: KW_KIND -> kind=2
[TRACE] VAR lookup: TOK_EXIT -> kind=0
[TRACE] VAR lookup: KW_KIND -> kind=2
[TRACE] VAR lookup: TOK_REF -> kind=0
[TRACE] VAR lookup: KW_KIND -> kind=2
[TRACE] VAR lookup: TOK_PTR -> kind=0
[TRACE] VAR lookup: KW_KIND -> kind=2
[TRACE] VAR lookup: TOK_BIT -> kind=0
[TRACE] VAR lookup: KW_KIND -> kind=2
[TRACE] VAR lookup: TOK_FOR -> kind=0
[TRACE] VAR lookup: KW_KIND -> kind=2
[TRACE] VAR lookup: TOK_IN -> kind=0
[TRACE] VAR look